<?xml version="1.0" encoding="UTF-8"?>
<!-- Generated by org.testng.reporters.JUnitReportReporter -->
<testsuite hostname="LAPTOP-7PQMV6TA" failures="0" tests="1" name="checkConnection.OpenFlipkart" time="7.461" errors="0" timestamp="15 May 2021 17:50:03 GMT" skipped="0">
  <testcase classname="checkConnection.OpenFlipkart" name="openAmazon" time="7.461"/>
</testsuite> <!-- checkConnection.OpenFlipkart -->
